Begin Power Analysis

    0.00V	    VSS
    0.90V	    VDD
Begin Processing Timing Library for Power Calculation

Begin Processing Timing Library for Power Calculation



Begin Processing Power Net/Grid for Power Calculation

Ended Processing Power Net/Grid for Power Calculation: (cpu=0:00:00, real=0:00:00, mem(process/total)=542.82MB/542.82MB)

Begin Processing Timing Window Data for Power Calculation

Ended Processing Timing Window Data for Power Calculation: (cpu=0:00:00, real=0:00:00, mem(process/total)=542.82MB/542.82MB)

Parsing VCD file VCDFile50.vcd

Starting Reading VCD variables
2014-Nov-27 22:34:43 (2014-Nov-27 21:34:43 GMT)

Finished Reading VCD variables
2014-Nov-27 22:34:43 (2014-Nov-27 21:34:43 GMT)

Starting Reading VCD toggles
2014-Nov-27 22:34:43 (2014-Nov-27 21:34:43 GMT)
2014-Nov-27 22:34:43 (2014-Nov-27 21:34:43 GMT): 10%
2014-Nov-27 22:34:43 (2014-Nov-27 21:34:43 GMT): 20%
2014-Nov-27 22:34:43 (2014-Nov-27 21:34:43 GMT): 30%
2014-Nov-27 22:34:43 (2014-Nov-27 21:34:43 GMT): 40%
2014-Nov-27 22:34:43 (2014-Nov-27 21:34:43 GMT): 50%
2014-Nov-27 22:34:43 (2014-Nov-27 21:34:43 GMT): 60%
2014-Nov-27 22:34:43 (2014-Nov-27 21:34:43 GMT): 70%
2014-Nov-27 22:34:43 (2014-Nov-27 21:34:43 GMT): 80%
2014-Nov-27 22:34:43 (2014-Nov-27 21:34:43 GMT): 90%
   With this vcd command,  0 value changes and 1.28e-06 second simulation
time were counted for power consumption calculation.

  Filename (activity)                    : VCDFile50.vcd
  Names in file that matched to design   : 0/4347
  Annotation coverage for this file      : 0/660 = 0%

Parsing VCD file VCDFile5000.vcd

Starting Reading VCD variables
2014-Nov-27 22:34:43 (2014-Nov-27 21:34:43 GMT)

Finished Reading VCD variables
2014-Nov-27 22:34:43 (2014-Nov-27 21:34:43 GMT)

Starting Reading VCD toggles
2014-Nov-27 22:34:43 (2014-Nov-27 21:34:43 GMT)
2014-Nov-27 22:34:43 (2014-Nov-27 21:34:43 GMT): 10%
2014-Nov-27 22:34:43 (2014-Nov-27 21:34:43 GMT): 20%
2014-Nov-27 22:34:43 (2014-Nov-27 21:34:43 GMT): 30%
2014-Nov-27 22:34:44 (2014-Nov-27 21:34:44 GMT): 40%
2014-Nov-27 22:34:44 (2014-Nov-27 21:34:44 GMT): 50%
2014-Nov-27 22:34:44 (2014-Nov-27 21:34:44 GMT): 60%
2014-Nov-27 22:34:44 (2014-Nov-27 21:34:44 GMT): 70%
2014-Nov-27 22:34:45 (2014-Nov-27 21:34:45 GMT): 80%
2014-Nov-27 22:34:45 (2014-Nov-27 21:34:45 GMT): 90%
   With this vcd command,  0 value changes and 1.28e-06 second simulation
time were counted for power consumption calculation.

  Filename (activity)                    : VCDFile5000.vcd
  Names in file that matched to design   : 0/4347
  Annotation coverage for this file      : 0/660 = 0%

  8694 nets were found in the VCD file(s) but were not in
  the design.  These nets are not reported because
  'read_activity_file -report_missing_nets' is set to false (default).

  Total annotation coverage for all files of type VCD: 0/660 = 0%
  Percent of VCD annotated nets with zero toggles: 0/660 = 0%

Begin Processing User Attributes

Ended Processing User Attributes: (cpu=0:00:00, real=0:00:00, mem(process/total)=542.82MB/542.82MB)

Begin Processing Signal Activity


Starting Activity Propagation
2014-Nov-27 22:34:45 (2014-Nov-27 21:34:45 GMT)
2014-Nov-27 22:34:45 (2014-Nov-27 21:34:45 GMT): 10%
2014-Nov-27 22:34:45 (2014-Nov-27 21:34:45 GMT): 20%
2014-Nov-27 22:34:45 (2014-Nov-27 21:34:45 GMT): 30%
2014-Nov-27 22:34:45 (2014-Nov-27 21:34:45 GMT): 40%
2014-Nov-27 22:34:45 (2014-Nov-27 21:34:45 GMT): 50%
2014-Nov-27 22:34:45 (2014-Nov-27 21:34:45 GMT): 60%
2014-Nov-27 22:34:45 (2014-Nov-27 21:34:45 GMT): 70%
2014-Nov-27 22:34:45 (2014-Nov-27 21:34:45 GMT): 80%
2014-Nov-27 22:34:45 (2014-Nov-27 21:34:45 GMT): 90%

Finished Activity Propagation
2014-Nov-27 22:34:45 (2014-Nov-27 21:34:45 GMT)

Activity annotation summary:
        Primary Inputs : 1/7 = 14.2857%
          Flop outputs : 0/147 = 0%
  Memory/Macro outputs : 0/0 = 0%
      Tristate outputs : 0/0 = 0%
            Total Nets : 1/660 = 0.151515%

Ended Processing Signal Activity: (cpu=0:00:00, real=0:00:00, mem(process/total)=542.82MB/542.82MB)

Begin Power Computation

      ----------------------------------------------------------
      # of cell(s) missing both power/leakage table: 0
      # of cell(s) missing power table: 0
      # of cell(s) missing leakage table: 0
      # of MSMV cell(s) missing power_level: 0
      ----------------------------------------------------------



Starting Calculating power
2014-Nov-27 22:34:45 (2014-Nov-27 21:34:45 GMT)
 ... Calculating switching power
2014-Nov-27 22:34:45 (2014-Nov-27 21:34:45 GMT): 10%
2014-Nov-27 22:34:45 (2014-Nov-27 21:34:45 GMT): 20%
2014-Nov-27 22:34:45 (2014-Nov-27 21:34:45 GMT): 30%
2014-Nov-27 22:34:45 (2014-Nov-27 21:34:45 GMT): 40%
2014-Nov-27 22:34:45 (2014-Nov-27 21:34:45 GMT): 50%
 ... Calculating internal and leakage power
2014-Nov-27 22:34:45 (2014-Nov-27 21:34:45 GMT): 60%
2014-Nov-27 22:34:45 (2014-Nov-27 21:34:45 GMT): 70%
2014-Nov-27 22:34:45 (2014-Nov-27 21:34:45 GMT): 80%
2014-Nov-27 22:34:45 (2014-Nov-27 21:34:45 GMT): 90%

Finished Calculating power
2014-Nov-27 22:34:45 (2014-Nov-27 21:34:45 GMT)
Ended Power Computation: (cpu=0:00:00, real=0:00:00, mem(process/total)=542.82MB/542.82MB)

Begin Processing User Attributes

Ended Processing User Attributes: (cpu=0:00:00, real=0:00:00, mem(process/total)=542.82MB/542.82MB)

Ended Power Analysis: (cpu=0:00:02, real=0:00:02, mem(process/total)=542.82MB/542.82MB)

*----------------------------------------------------------------------------------------
*	Encounter 14.13-s036_1 (64bit) 08/14/2014 18:19 (Linux 2.6)
*	
*
* 	Date & Time:	2014-Nov-27 22:34:45 (2014-Nov-27 21:34:45 GMT)
*
*----------------------------------------------------------------------------------------
*
*	Design: FIR_Toplevel_5
*
*	Liberty Libraries used:
*	        /afs/kth.se/home/s/u/sunilkr/IL2225_LAB/LAB3/FIR_Toplevel_5.enc.dat/libs/mmmc/tcbn90gwc.lib
*
*	Power Domain used:
*		Rail:        VDD 	Voltage:        0.9
*
*       Power View : AV_WC_RCWORST
*
*       User-Defined Activity : N.A.
*
*	Switching Activity File used:
*	        VCDFile50.vcd
*		      Vcd Window used(Start Time, Stop Time):  (20,1300) 
*                Vcd Scale Factor: 1
*	        VCDFile5000.vcd
*		      Vcd Window used(Start Time, Stop Time):  (20,120100) 
*                Vcd Scale Factor: 1
*
*       Hierarchical Global Activity: N.A.
*
*       Global Activity: N.A.
*
*       Sequential Element Activity: N.A.
*
*       Primary Input Activity: 0.200000
*
*       Default icg ratio: N.A.
*
*       Global Comb ClockGate Ratio: N.A.
*
*	Power Units = 1mW
*
*	Time Units = 1e-09 secs
*
*       report_power -hierarchy 0
*
-----------------------------------------------------------------------------------------


Total Power
-----------------------------------------------------------------------------------------
Total Internal Power:        0.47493757 	   79.3380%
Total Switching Power:       0.09963609 	   16.6441%
Total Leakage Power:         0.02405181 	    4.0178%
Total Power:                 0.59862547
-----------------------------------------------------------------------------------------
 
 
-----------------------------------------------------------------------------------------
*	Power Distribution Summary: 
* 		Highest Average Power:                clk__L2_I0 (CKND24): 	   0.05741
* 		Highest Leakage Power:                clk__L1_I0 (CKND24): 	 0.0004674
* 		Total Cap: 	3.56765e-12 F
* 		Total instances in design:  1059
* 		Total instances in design with no power:     0
*                Total instances in design with no activty:     0

* 		Total Fillers and Decap:   456
-----------------------------------------------------------------------------------------
